  OpenGL_Final_project.cpp
d:\files\作業\講義\成圖技術\hw\opengl_finalproject\opengl final project2\opengl final project2\opengl_final_project.cpp(65): warning C4838: 從 'double' 到 'float' 的轉換必須是縮小轉換
d:\files\作業\講義\成圖技術\hw\opengl_finalproject\opengl final project2\opengl final project2\opengl_final_project.cpp(65): warning C4305: '正在初始化': 從 'double' 轉換為 'float'，是由較大的類型轉換為較小的類型，可能導致資料遺失
d:\files\作業\講義\成圖技術\hw\opengl_finalproject\opengl final project2\opengl final project2\opengl_final_project.cpp(160): warning C4838: 從 'double' 到 'GLfloat' 的轉換必須是縮小轉換
d:\files\作業\講義\成圖技術\hw\opengl_finalproject\opengl final project2\opengl final project2\opengl_final_project.cpp(160): warning C4305: '正在初始化': 從 'double' 轉換為 'GLfloat'，是由較大的類型轉換為較小的類型，可能導致資料遺失
d:\files\作業\講義\成圖技術\hw\opengl_finalproject\opengl final project2\opengl final project2\opengl_final_project.cpp(171): warning C4838: 從 'double' 到 'GLfloat' 的轉換必須是縮小轉換
d:\files\作業\講義\成圖技術\hw\opengl_finalproject\opengl final project2\opengl final project2\opengl_final_project.cpp(171): warning C4305: '正在初始化': 從 'double' 轉換為 'GLfloat'，是由較大的類型轉換為較小的類型，可能導致資料遺失
d:\files\作業\講義\成圖技術\hw\opengl_finalproject\opengl final project2\opengl final project2\opengl_final_project.cpp(173): warning C4838: 從 'double' 到 'GLfloat' 的轉換必須是縮小轉換
d:\files\作業\講義\成圖技術\hw\opengl_finalproject\opengl final project2\opengl final project2\opengl_final_project.cpp(173): warning C4305: '正在初始化': 從 'double' 轉換為 'GLfloat'，是由較大的類型轉換為較小的類型，可能導致資料遺失
d:\files\作業\講義\成圖技術\hw\opengl_finalproject\opengl final project2\opengl final project2\opengl_final_project.cpp(182): warning C4838: 從 'double' 到 'GLfloat' 的轉換必須是縮小轉換
d:\files\作業\講義\成圖技術\hw\opengl_finalproject\opengl final project2\opengl final project2\opengl_final_project.cpp(182): warning C4305: '正在初始化': 從 'double' 轉換為 'GLfloat'，是由較大的類型轉換為較小的類型，可能導致資料遺失
d:\files\作業\講義\成圖技術\hw\opengl_finalproject\opengl final project2\opengl final project2\opengl_final_project.cpp(184): warning C4838: 從 'double' 到 'GLfloat' 的轉換必須是縮小轉換
d:\files\作業\講義\成圖技術\hw\opengl_finalproject\opengl final project2\opengl final project2\opengl_final_project.cpp(184): warning C4305: '正在初始化': 從 'double' 轉換為 'GLfloat'，是由較大的類型轉換為較小的類型，可能導致資料遺失
d:\files\作業\講義\成圖技術\hw\opengl_finalproject\opengl final project2\opengl final project2\opengl_final_project.cpp(186): warning C4838: 從 'double' 到 'GLfloat' 的轉換必須是縮小轉換
d:\files\作業\講義\成圖技術\hw\opengl_finalproject\opengl final project2\opengl final project2\opengl_final_project.cpp(186): warning C4305: '正在初始化': 從 'double' 轉換為 'GLfloat'，是由較大的類型轉換為較小的類型，可能導致資料遺失
d:\files\作業\講義\成圖技術\hw\opengl_finalproject\opengl final project2\opengl final project2\opengl_final_project.cpp(195): warning C4838: 從 'double' 到 'GLfloat' 的轉換必須是縮小轉換
d:\files\作業\講義\成圖技術\hw\opengl_finalproject\opengl final project2\opengl final project2\opengl_final_project.cpp(195): warning C4305: '正在初始化': 從 'double' 轉換為 'GLfloat'，是由較大的類型轉換為較小的類型，可能導致資料遺失
d:\files\作業\講義\成圖技術\hw\opengl_finalproject\opengl final project2\opengl final project2\opengl_final_project.cpp(196): warning C4838: 從 'double' 到 'GLfloat' 的轉換必須是縮小轉換
d:\files\作業\講義\成圖技術\hw\opengl_finalproject\opengl final project2\opengl final project2\opengl_final_project.cpp(196): warning C4305: '正在初始化': 從 'double' 轉換為 'GLfloat'，是由較大的類型轉換為較小的類型，可能導致資料遺失
d:\files\作業\講義\成圖技術\hw\opengl_finalproject\opengl final project2\opengl final project2\opengl_final_project.cpp(197): warning C4838: 從 'double' 到 'GLfloat' 的轉換必須是縮小轉換
d:\files\作業\講義\成圖技術\hw\opengl_finalproject\opengl final project2\opengl final project2\opengl_final_project.cpp(197): warning C4305: '正在初始化': 從 'double' 轉換為 'GLfloat'，是由較大的類型轉換為較小的類型，可能導致資料遺失
d:\files\作業\講義\成圖技術\hw\opengl_finalproject\opengl final project2\opengl final project2\opengl_final_project.cpp(208): warning C4838: 從 'double' 到 'GLfloat' 的轉換必須是縮小轉換
d:\files\作業\講義\成圖技術\hw\opengl_finalproject\opengl final project2\opengl final project2\opengl_final_project.cpp(208): warning C4305: '正在初始化': 從 'double' 轉換為 'GLfloat'，是由較大的類型轉換為較小的類型，可能導致資料遺失
d:\files\作業\講義\成圖技術\hw\opengl_finalproject\opengl final project2\opengl final project2\opengl_final_project.cpp(215): warning C4838: 從 'double' 到 'GLfloat' 的轉換必須是縮小轉換
d:\files\作業\講義\成圖技術\hw\opengl_finalproject\opengl final project2\opengl final project2\opengl_final_project.cpp(215): warning C4305: '正在初始化': 從 'double' 轉換為 'GLfloat'，是由較大的類型轉換為較小的類型，可能導致資料遺失
d:\files\作業\講義\成圖技術\hw\opengl_finalproject\opengl final project2\opengl final project2\opengl_final_project.cpp(217): warning C4838: 從 'double' 到 'GLfloat' 的轉換必須是縮小轉換
d:\files\作業\講義\成圖技術\hw\opengl_finalproject\opengl final project2\opengl final project2\opengl_final_project.cpp(217): warning C4305: '正在初始化': 從 'double' 轉換為 'GLfloat'，是由較大的類型轉換為較小的類型，可能導致資料遺失
d:\files\作業\講義\成圖技術\hw\opengl_finalproject\opengl final project2\opengl final project2\opengl_final_project.cpp(784): warning C4838: 從 'double' 到 'GLfloat' 的轉換必須是縮小轉換
d:\files\作業\講義\成圖技術\hw\opengl_finalproject\opengl final project2\opengl final project2\opengl_final_project.cpp(784): warning C4305: '正在初始化': 從 'double' 轉換為 'GLfloat'，是由較大的類型轉換為較小的類型，可能導致資料遺失
d:\files\作業\講義\成圖技術\hw\opengl_finalproject\opengl final project2\opengl final project2\opengl_final_project.cpp(785): warning C4838: 從 'double' 到 'GLfloat' 的轉換必須是縮小轉換
d:\files\作業\講義\成圖技術\hw\opengl_finalproject\opengl final project2\opengl final project2\opengl_final_project.cpp(785): warning C4305: '正在初始化': 從 'double' 轉換為 'GLfloat'，是由較大的類型轉換為較小的類型，可能導致資料遺失
d:\files\作業\講義\成圖技術\hw\opengl_finalproject\opengl final project2\opengl final project2\opengl_final_project.cpp(787): warning C4838: 從 'double' 到 'GLfloat' 的轉換必須是縮小轉換
d:\files\作業\講義\成圖技術\hw\opengl_finalproject\opengl final project2\opengl final project2\opengl_final_project.cpp(787): warning C4305: '正在初始化': 從 'double' 轉換為 'GLfloat'，是由較大的類型轉換為較小的類型，可能導致資料遺失
d:\files\作業\講義\成圖技術\hw\opengl_finalproject\opengl final project2\opengl final project2\opengl_final_project.cpp(788): warning C4838: 從 'double' 到 'GLfloat' 的轉換必須是縮小轉換
d:\files\作業\講義\成圖技術\hw\opengl_finalproject\opengl final project2\opengl final project2\opengl_final_project.cpp(788): warning C4305: '正在初始化': 從 'double' 轉換為 'GLfloat'，是由較大的類型轉換為較小的類型，可能導致資料遺失
d:\files\作業\講義\成圖技術\hw\opengl_finalproject\opengl final project2\opengl final project2\opengl_final_project.cpp(792): warning C4305: '引數': 從 'double' 轉換為 'float'，是由較大的類型轉換為較小的類型，可能導致資料遺失
d:\files\作業\講義\成圖技術\hw\opengl_finalproject\opengl final project2\opengl final project2\opengl_final_project.cpp(792): warning C4244: '引數': 將 'double' 轉換為 'float'，由於類型不同，可能導致資料遺失
d:\files\作業\講義\成圖技術\hw\opengl_finalproject\opengl final project2\opengl final project2\opengl_final_project.cpp(796): warning C4305: '引數': 從 'double' 轉換為 'float'，是由較大的類型轉換為較小的類型，可能導致資料遺失
d:\files\作業\講義\成圖技術\hw\opengl_finalproject\opengl final project2\opengl final project2\opengl_final_project.cpp(796): warning C4244: '引數': 將 'double' 轉換為 'float'，由於類型不同，可能導致資料遺失
d:\files\作業\講義\成圖技術\hw\opengl_finalproject\opengl final project2\opengl final project2\opengl_final_project.cpp(800): warning C4305: '引數': 從 'double' 轉換為 'float'，是由較大的類型轉換為較小的類型，可能導致資料遺失
d:\files\作業\講義\成圖技術\hw\opengl_finalproject\opengl final project2\opengl final project2\opengl_final_project.cpp(800): warning C4244: '引數': 將 'double' 轉換為 'float'，由於類型不同，可能導致資料遺失
d:\files\作業\講義\成圖技術\hw\opengl_finalproject\opengl final project2\opengl final project2\opengl_final_project.cpp(804): warning C4305: '引數': 從 'double' 轉換為 'float'，是由較大的類型轉換為較小的類型，可能導致資料遺失
d:\files\作業\講義\成圖技術\hw\opengl_finalproject\opengl final project2\opengl final project2\opengl_final_project.cpp(804): warning C4244: '引數': 將 'double' 轉換為 'float'，由於類型不同，可能導致資料遺失
d:\files\作業\講義\成圖技術\hw\opengl_finalproject\opengl final project2\opengl final project2\opengl_final_project.cpp(808): warning C4305: '引數': 從 'double' 轉換為 'float'，是由較大的類型轉換為較小的類型，可能導致資料遺失
d:\files\作業\講義\成圖技術\hw\opengl_finalproject\opengl final project2\opengl final project2\opengl_final_project.cpp(808): warning C4244: '引數': 將 'double' 轉換為 'float'，由於類型不同，可能導致資料遺失
d:\files\作業\講義\成圖技術\hw\opengl_finalproject\opengl final project2\opengl final project2\opengl_final_project.cpp(812): warning C4305: '引數': 從 'double' 轉換為 'float'，是由較大的類型轉換為較小的類型，可能導致資料遺失
d:\files\作業\講義\成圖技術\hw\opengl_finalproject\opengl final project2\opengl final project2\opengl_final_project.cpp(812): warning C4244: '引數': 將 'double' 轉換為 'float'，由於類型不同，可能導致資料遺失
d:\files\作業\講義\成圖技術\hw\opengl_finalproject\opengl final project2\opengl final project2\opengl_final_project.cpp(816): warning C4305: '引數': 從 'double' 轉換為 'float'，是由較大的類型轉換為較小的類型，可能導致資料遺失
d:\files\作業\講義\成圖技術\hw\opengl_finalproject\opengl final project2\opengl final project2\opengl_final_project.cpp(816): warning C4244: '引數': 將 'double' 轉換為 'float'，由於類型不同，可能導致資料遺失
d:\files\作業\講義\成圖技術\hw\opengl_finalproject\opengl final project2\opengl final project2\opengl_final_project.cpp(820): warning C4305: '引數': 從 'double' 轉換為 'float'，是由較大的類型轉換為較小的類型，可能導致資料遺失
d:\files\作業\講義\成圖技術\hw\opengl_finalproject\opengl final project2\opengl final project2\opengl_final_project.cpp(820): warning C4244: '引數': 將 'double' 轉換為 'float'，由於類型不同，可能導致資料遺失
d:\files\作業\講義\成圖技術\hw\opengl_finalproject\opengl final project2\opengl final project2\opengl_final_project.cpp(824): warning C4305: '引數': 從 'double' 轉換為 'float'，是由較大的類型轉換為較小的類型，可能導致資料遺失
d:\files\作業\講義\成圖技術\hw\opengl_finalproject\opengl final project2\opengl final project2\opengl_final_project.cpp(824): warning C4244: '引數': 將 'double' 轉換為 'float'，由於類型不同，可能導致資料遺失
d:\files\作業\講義\成圖技術\hw\opengl_finalproject\opengl final project2\opengl final project2\opengl_final_project.cpp(828): warning C4305: '引數': 從 'double' 轉換為 'float'，是由較大的類型轉換為較小的類型，可能導致資料遺失
d:\files\作業\講義\成圖技術\hw\opengl_finalproject\opengl final project2\opengl final project2\opengl_final_project.cpp(828): warning C4244: '引數': 將 'double' 轉換為 'float'，由於類型不同，可能導致資料遺失
d:\files\作業\講義\成圖技術\hw\opengl_finalproject\opengl final project2\opengl final project2\opengl_final_project.cpp(832): warning C4305: '引數': 從 'double' 轉換為 'float'，是由較大的類型轉換為較小的類型，可能導致資料遺失
d:\files\作業\講義\成圖技術\hw\opengl_finalproject\opengl final project2\opengl final project2\opengl_final_project.cpp(832): warning C4244: '引數': 將 'double' 轉換為 'float'，由於類型不同，可能導致資料遺失
d:\files\作業\講義\成圖技術\hw\opengl_finalproject\opengl final project2\opengl final project2\opengl_final_project.cpp(836): warning C4305: '引數': 從 'double' 轉換為 'float'，是由較大的類型轉換為較小的類型，可能導致資料遺失
d:\files\作業\講義\成圖技術\hw\opengl_finalproject\opengl final project2\opengl final project2\opengl_final_project.cpp(836): warning C4244: '引數': 將 'double' 轉換為 'float'，由於類型不同，可能導致資料遺失
d:\files\作業\講義\成圖技術\hw\opengl_finalproject\opengl final project2\opengl final project2\opengl_final_project.cpp(840): warning C4305: '引數': 從 'double' 轉換為 'float'，是由較大的類型轉換為較小的類型，可能導致資料遺失
d:\files\作業\講義\成圖技術\hw\opengl_finalproject\opengl final project2\opengl final project2\opengl_final_project.cpp(840): warning C4244: '引數': 將 'double' 轉換為 'float'，由於類型不同，可能導致資料遺失
d:\files\作業\講義\成圖技術\hw\opengl_finalproject\opengl final project2\opengl final project2\opengl_final_project.cpp(844): warning C4305: '引數': 從 'double' 轉換為 'float'，是由較大的類型轉換為較小的類型，可能導致資料遺失
d:\files\作業\講義\成圖技術\hw\opengl_finalproject\opengl final project2\opengl final project2\opengl_final_project.cpp(844): warning C4244: '引數': 將 'double' 轉換為 'float'，由於類型不同，可能導致資料遺失
d:\files\作業\講義\成圖技術\hw\opengl_finalproject\opengl final project2\opengl final project2\opengl_final_project.cpp(848): warning C4305: '引數': 從 'double' 轉換為 'float'，是由較大的類型轉換為較小的類型，可能導致資料遺失
d:\files\作業\講義\成圖技術\hw\opengl_finalproject\opengl final project2\opengl final project2\opengl_final_project.cpp(848): warning C4244: '引數': 將 'double' 轉換為 'float'，由於類型不同，可能導致資料遺失
d:\files\作業\講義\成圖技術\hw\opengl_finalproject\opengl final project2\opengl final project2\opengl_final_project.cpp(852): warning C4305: '引數': 從 'double' 轉換為 'float'，是由較大的類型轉換為較小的類型，可能導致資料遺失
d:\files\作業\講義\成圖技術\hw\opengl_finalproject\opengl final project2\opengl final project2\opengl_final_project.cpp(852): warning C4244: '引數': 將 'double' 轉換為 'float'，由於類型不同，可能導致資料遺失
d:\files\作業\講義\成圖技術\hw\opengl_finalproject\opengl final project2\opengl final project2\opengl_final_project.cpp(856): warning C4305: '引數': 從 'double' 轉換為 'float'，是由較大的類型轉換為較小的類型，可能導致資料遺失
d:\files\作業\講義\成圖技術\hw\opengl_finalproject\opengl final project2\opengl final project2\opengl_final_project.cpp(856): warning C4244: '引數': 將 'double' 轉換為 'float'，由於類型不同，可能導致資料遺失
d:\files\作業\講義\成圖技術\hw\opengl_finalproject\opengl final project2\opengl final project2\opengl_final_project.cpp(910): warning C4305: '引數': 從 'double' 轉換為 'float'，是由較大的類型轉換為較小的類型，可能導致資料遺失
d:\files\作業\講義\成圖技術\hw\opengl_finalproject\opengl final project2\opengl final project2\opengl_final_project.cpp(911): warning C4305: '引數': 從 'double' 轉換為 'float'，是由較大的類型轉換為較小的類型，可能導致資料遺失
d:\files\作業\講義\成圖技術\hw\opengl_finalproject\opengl final project2\opengl final project2\opengl_final_project.cpp(912): warning C4305: '引數': 從 'double' 轉換為 'float'，是由較大的類型轉換為較小的類型，可能導致資料遺失
d:\files\作業\講義\成圖技術\hw\opengl_finalproject\opengl final project2\opengl final project2\opengl_final_project.cpp(913): warning C4305: '引數': 從 'double' 轉換為 'float'，是由較大的類型轉換為較小的類型，可能導致資料遺失
d:\files\作業\講義\成圖技術\hw\opengl_finalproject\opengl final project2\opengl final project2\opengl_final_project.cpp(915): warning C4305: '引數': 從 'double' 轉換為 'float'，是由較大的類型轉換為較小的類型，可能導致資料遺失
d:\files\作業\講義\成圖技術\hw\opengl_finalproject\opengl final project2\opengl final project2\opengl_final_project.cpp(916): warning C4305: '引數': 從 'double' 轉換為 'float'，是由較大的類型轉換為較小的類型，可能導致資料遺失
d:\files\作業\講義\成圖技術\hw\opengl_finalproject\opengl final project2\opengl final project2\opengl_final_project.cpp(917): warning C4305: '引數': 從 'double' 轉換為 'float'，是由較大的類型轉換為較小的類型，可能導致資料遺失
d:\files\作業\講義\成圖技術\hw\opengl_finalproject\opengl final project2\opengl final project2\opengl_final_project.cpp(918): warning C4305: '引數': 從 'double' 轉換為 'float'，是由較大的類型轉換為較小的類型，可能導致資料遺失
d:\files\作業\講義\成圖技術\hw\opengl_finalproject\opengl final project2\opengl final project2\opengl_final_project.cpp(919): warning C4305: '引數': 從 'double' 轉換為 'float'，是由較大的類型轉換為較小的類型，可能導致資料遺失
d:\files\作業\講義\成圖技術\hw\opengl_finalproject\opengl final project2\opengl final project2\opengl_final_project.cpp(920): warning C4305: '引數': 從 'double' 轉換為 'float'，是由較大的類型轉換為較小的類型，可能導致資料遺失
d:\files\作業\講義\成圖技術\hw\opengl_finalproject\opengl final project2\opengl final project2\opengl_final_project.cpp(921): warning C4305: '引數': 從 'double' 轉換為 'float'，是由較大的類型轉換為較小的類型，可能導致資料遺失
d:\files\作業\講義\成圖技術\hw\opengl_finalproject\opengl final project2\opengl final project2\opengl_final_project.cpp(922): warning C4305: '引數': 從 'double' 轉換為 'float'，是由較大的類型轉換為較小的類型，可能導致資料遺失
d:\files\作業\講義\成圖技術\hw\opengl_finalproject\opengl final project2\opengl final project2\opengl_final_project.cpp(923): warning C4305: '引數': 從 'double' 轉換為 'float'，是由較大的類型轉換為較小的類型，可能導致資料遺失
d:\files\作業\講義\成圖技術\hw\opengl_finalproject\opengl final project2\opengl final project2\opengl_final_project.cpp(924): warning C4305: '引數': 從 'double' 轉換為 'float'，是由較大的類型轉換為較小的類型，可能導致資料遺失
d:\files\作業\講義\成圖技術\hw\opengl_finalproject\opengl final project2\opengl final project2\opengl_final_project.cpp(925): warning C4305: '引數': 從 'double' 轉換為 'float'，是由較大的類型轉換為較小的類型，可能導致資料遺失
d:\files\作業\講義\成圖技術\hw\opengl_finalproject\opengl final project2\opengl final project2\opengl_final_project.cpp(926): warning C4305: '引數': 從 'double' 轉換為 'float'，是由較大的類型轉換為較小的類型，可能導致資料遺失
d:\files\作業\講義\成圖技術\hw\opengl_finalproject\opengl final project2\opengl final project2\opengl_final_project.cpp(927): warning C4305: '引數': 從 'double' 轉換為 'float'，是由較大的類型轉換為較小的類型，可能導致資料遺失
d:\files\作業\講義\成圖技術\hw\opengl_finalproject\opengl final project2\opengl final project2\opengl_final_project.cpp(928): warning C4305: '引數': 從 'double' 轉換為 'float'，是由較大的類型轉換為較小的類型，可能導致資料遺失
d:\files\作業\講義\成圖技術\hw\opengl_finalproject\opengl final project2\opengl final project2\opengl_final_project.cpp(929): warning C4305: '引數': 從 'double' 轉換為 'float'，是由較大的類型轉換為較小的類型，可能導致資料遺失
d:\files\作業\講義\成圖技術\hw\opengl_finalproject\opengl final project2\opengl final project2\opengl_final_project.cpp(930): warning C4305: '引數': 從 'double' 轉換為 'float'，是由較大的類型轉換為較小的類型，可能導致資料遺失
d:\files\作業\講義\成圖技術\hw\opengl_finalproject\opengl final project2\opengl final project2\opengl_final_project.cpp(931): warning C4305: '引數': 從 'double' 轉換為 'float'，是由較大的類型轉換為較小的類型，可能導致資料遺失
d:\files\作業\講義\成圖技術\hw\opengl_finalproject\opengl final project2\opengl final project2\opengl_final_project.cpp(985): warning C4838: 從 'double' 到 'GLfloat' 的轉換必須是縮小轉換
d:\files\作業\講義\成圖技術\hw\opengl_finalproject\opengl final project2\opengl final project2\opengl_final_project.cpp(985): warning C4305: '正在初始化': 從 'double' 轉換為 'GLfloat'，是由較大的類型轉換為較小的類型，可能導致資料遺失
d:\files\作業\講義\成圖技術\hw\opengl_finalproject\opengl final project2\opengl final project2\opengl_final_project.cpp(998): warning C4305: '引數': 從 'double' 轉換為 'GLfloat'，是由較大的類型轉換為較小的類型，可能導致資料遺失
d:\files\作業\講義\成圖技術\hw\opengl_finalproject\opengl final project2\opengl final project2\opengl_final_project.cpp(1109): warning C4244: '引數': 將 'double' 轉換為 'GLfloat'，由於類型不同，可能導致資料遺失
d:\files\作業\講義\成圖技術\hw\opengl_finalproject\opengl final project2\opengl final project2\opengl_final_project.cpp(1110): warning C4244: '引數': 將 'double' 轉換為 'GLfloat'，由於類型不同，可能導致資料遺失
d:\files\作業\講義\成圖技術\hw\opengl_finalproject\opengl final project2\opengl final project2\opengl_final_project.cpp(1111): warning C4244: '引數': 將 'double' 轉換為 'GLfloat'，由於類型不同，可能導致資料遺失
d:\files\作業\講義\成圖技術\hw\opengl_finalproject\opengl final project2\opengl final project2\opengl_final_project.cpp(1112): warning C4244: '引數': 將 'double' 轉換為 'GLfloat'，由於類型不同，可能導致資料遺失
d:\files\作業\講義\成圖技術\hw\opengl_finalproject\opengl final project2\opengl final project2\opengl_final_project.cpp(1119): warning C4244: '引數': 將 'double' 轉換為 'GLfloat'，由於類型不同，可能導致資料遺失
d:\files\作業\講義\成圖技術\hw\opengl_finalproject\opengl final project2\opengl final project2\opengl_final_project.cpp(1120): warning C4244: '引數': 將 'double' 轉換為 'GLfloat'，由於類型不同，可能導致資料遺失
d:\files\作業\講義\成圖技術\hw\opengl_finalproject\opengl final project2\opengl final project2\opengl_final_project.cpp(1121): warning C4244: '引數': 將 'double' 轉換為 'GLfloat'，由於類型不同，可能導致資料遺失
d:\files\作業\講義\成圖技術\hw\opengl_finalproject\opengl final project2\opengl final project2\opengl_final_project.cpp(1122): warning C4244: '引數': 將 'double' 轉換為 'GLfloat'，由於類型不同，可能導致資料遺失
d:\files\作業\講義\成圖技術\hw\opengl_finalproject\opengl final project2\opengl final project2\opengl_final_project.cpp(1130): warning C4305: '引數': 從 'double' 轉換為 'GLfloat'，是由較大的類型轉換為較小的類型，可能導致資料遺失
d:\files\作業\講義\成圖技術\hw\opengl_finalproject\opengl final project2\opengl final project2\opengl_final_project.cpp(1130): warning C4244: '引數': 將 'double' 轉換為 'GLfloat'，由於類型不同，可能導致資料遺失
d:\files\作業\講義\成圖技術\hw\opengl_finalproject\opengl final project2\opengl final project2\opengl_final_project.cpp(1131): warning C4305: '引數': 從 'double' 轉換為 'GLfloat'，是由較大的類型轉換為較小的類型，可能導致資料遺失
d:\files\作業\講義\成圖技術\hw\opengl_finalproject\opengl final project2\opengl final project2\opengl_final_project.cpp(1131): warning C4244: '引數': 將 'double' 轉換為 'GLfloat'，由於類型不同，可能導致資料遺失
d:\files\作業\講義\成圖技術\hw\opengl_finalproject\opengl final project2\opengl final project2\opengl_final_project.cpp(1132): warning C4305: '引數': 從 'double' 轉換為 'GLfloat'，是由較大的類型轉換為較小的類型，可能導致資料遺失
d:\files\作業\講義\成圖技術\hw\opengl_finalproject\opengl final project2\opengl final project2\opengl_final_project.cpp(1132): warning C4244: '引數': 將 'double' 轉換為 'GLfloat'，由於類型不同，可能導致資料遺失
d:\files\作業\講義\成圖技術\hw\opengl_finalproject\opengl final project2\opengl final project2\opengl_final_project.cpp(1133): warning C4305: '引數': 從 'double' 轉換為 'GLfloat'，是由較大的類型轉換為較小的類型，可能導致資料遺失
d:\files\作業\講義\成圖技術\hw\opengl_finalproject\opengl final project2\opengl final project2\opengl_final_project.cpp(1133): warning C4244: '引數': 將 'double' 轉換為 'GLfloat'，由於類型不同，可能導致資料遺失
d:\files\作業\講義\成圖技術\hw\opengl_finalproject\opengl final project2\opengl final project2\opengl_final_project.cpp(1140): warning C4305: '引數': 從 'double' 轉換為 'GLfloat'，是由較大的類型轉換為較小的類型，可能導致資料遺失
d:\files\作業\講義\成圖技術\hw\opengl_finalproject\opengl final project2\opengl final project2\opengl_final_project.cpp(1140): warning C4244: '引數': 將 'double' 轉換為 'GLfloat'，由於類型不同，可能導致資料遺失
d:\files\作業\講義\成圖技術\hw\opengl_finalproject\opengl final project2\opengl final project2\opengl_final_project.cpp(1141): warning C4305: '引數': 從 'double' 轉換為 'GLfloat'，是由較大的類型轉換為較小的類型，可能導致資料遺失
d:\files\作業\講義\成圖技術\hw\opengl_finalproject\opengl final project2\opengl final project2\opengl_final_project.cpp(1141): warning C4244: '引數': 將 'double' 轉換為 'GLfloat'，由於類型不同，可能導致資料遺失
d:\files\作業\講義\成圖技術\hw\opengl_finalproject\opengl final project2\opengl final project2\opengl_final_project.cpp(1142): warning C4305: '引數': 從 'double' 轉換為 'GLfloat'，是由較大的類型轉換為較小的類型，可能導致資料遺失
d:\files\作業\講義\成圖技術\hw\opengl_finalproject\opengl final project2\opengl final project2\opengl_final_project.cpp(1142): warning C4244: '引數': 將 'double' 轉換為 'GLfloat'，由於類型不同，可能導致資料遺失
d:\files\作業\講義\成圖技術\hw\opengl_finalproject\opengl final project2\opengl final project2\opengl_final_project.cpp(1143): warning C4305: '引數': 從 'double' 轉換為 'GLfloat'，是由較大的類型轉換為較小的類型，可能導致資料遺失
d:\files\作業\講義\成圖技術\hw\opengl_finalproject\opengl final project2\opengl final project2\opengl_final_project.cpp(1143): warning C4244: '引數': 將 'double' 轉換為 'GLfloat'，由於類型不同，可能導致資料遺失
d:\files\作業\講義\成圖技術\hw\opengl_finalproject\opengl final project2\opengl final project2\opengl_final_project.cpp(1146): warning C4305: '引數': 從 'double' 轉換為 'GLfloat'，是由較大的類型轉換為較小的類型，可能導致資料遺失
d:\files\作業\講義\成圖技術\hw\opengl_finalproject\opengl final project2\opengl final project2\opengl_final_project.cpp(1146): warning C4244: '引數': 將 'double' 轉換為 'GLfloat'，由於類型不同，可能導致資料遺失
d:\files\作業\講義\成圖技術\hw\opengl_finalproject\opengl final project2\opengl final project2\opengl_final_project.cpp(1147): warning C4305: '引數': 從 'double' 轉換為 'GLfloat'，是由較大的類型轉換為較小的類型，可能導致資料遺失
d:\files\作業\講義\成圖技術\hw\opengl_finalproject\opengl final project2\opengl final project2\opengl_final_project.cpp(1148): warning C4305: '引數': 從 'double' 轉換為 'GLfloat'，是由較大的類型轉換為較小的類型，可能導致資料遺失
d:\files\作業\講義\成圖技術\hw\opengl_finalproject\opengl final project2\opengl final project2\opengl_final_project.cpp(1149): warning C4305: '引數': 從 'double' 轉換為 'GLfloat'，是由較大的類型轉換為較小的類型，可能導致資料遺失
d:\files\作業\講義\成圖技術\hw\opengl_finalproject\opengl final project2\opengl final project2\opengl_final_project.cpp(1149): warning C4244: '引數': 將 'double' 轉換為 'GLfloat'，由於類型不同，可能導致資料遺失
d:\files\作業\講義\成圖技術\hw\opengl_finalproject\opengl final project2\opengl final project2\opengl_final_project.cpp(1152): warning C4305: '引數': 從 'double' 轉換為 'GLfloat'，是由較大的類型轉換為較小的類型，可能導致資料遺失
d:\files\作業\講義\成圖技術\hw\opengl_finalproject\opengl final project2\opengl final project2\opengl_final_project.cpp(1152): warning C4244: '引數': 將 'double' 轉換為 'GLfloat'，由於類型不同，可能導致資料遺失
d:\files\作業\講義\成圖技術\hw\opengl_finalproject\opengl final project2\opengl final project2\opengl_final_project.cpp(1153): warning C4305: '引數': 從 'double' 轉換為 'GLfloat'，是由較大的類型轉換為較小的類型，可能導致資料遺失
d:\files\作業\講義\成圖技術\hw\opengl_finalproject\opengl final project2\opengl final project2\opengl_final_project.cpp(1154): warning C4305: '引數': 從 'double' 轉換為 'GLfloat'，是由較大的類型轉換為較小的類型，可能導致資料遺失
d:\files\作業\講義\成圖技術\hw\opengl_finalproject\opengl final project2\opengl final project2\opengl_final_project.cpp(1155): warning C4305: '引數': 從 'double' 轉換為 'GLfloat'，是由較大的類型轉換為較小的類型，可能導致資料遺失
d:\files\作業\講義\成圖技術\hw\opengl_finalproject\opengl final project2\opengl final project2\opengl_final_project.cpp(1155): warning C4244: '引數': 將 'double' 轉換為 'GLfloat'，由於類型不同，可能導致資料遺失
d:\files\作業\講義\成圖技術\hw\opengl_finalproject\opengl final project2\opengl final project2\opengl_final_project.cpp(1158): warning C4305: '引數': 從 'double' 轉換為 'GLfloat'，是由較大的類型轉換為較小的類型，可能導致資料遺失
d:\files\作業\講義\成圖技術\hw\opengl_finalproject\opengl final project2\opengl final project2\opengl_final_project.cpp(1158): warning C4244: '引數': 將 'double' 轉換為 'GLfloat'，由於類型不同，可能導致資料遺失
d:\files\作業\講義\成圖技術\hw\opengl_finalproject\opengl final project2\opengl final project2\opengl_final_project.cpp(1159): warning C4305: '引數': 從 'double' 轉換為 'GLfloat'，是由較大的類型轉換為較小的類型，可能導致資料遺失
d:\files\作業\講義\成圖技術\hw\opengl_finalproject\opengl final project2\opengl final project2\opengl_final_project.cpp(1160): warning C4305: '引數': 從 'double' 轉換為 'GLfloat'，是由較大的類型轉換為較小的類型，可能導致資料遺失
d:\files\作業\講義\成圖技術\hw\opengl_finalproject\opengl final project2\opengl final project2\opengl_final_project.cpp(1160): warning C4244: '引數': 將 'double' 轉換為 'GLfloat'，由於類型不同，可能導致資料遺失
d:\files\作業\講義\成圖技術\hw\opengl_finalproject\opengl final project2\opengl final project2\opengl_final_project.cpp(1161): warning C4305: '引數': 從 'double' 轉換為 'GLfloat'，是由較大的類型轉換為較小的類型，可能導致資料遺失
d:\files\作業\講義\成圖技術\hw\opengl_finalproject\opengl final project2\opengl final project2\opengl_final_project.cpp(1161): warning C4244: '引數': 將 'double' 轉換為 'GLfloat'，由於類型不同，可能導致資料遺失
d:\files\作業\講義\成圖技術\hw\opengl_finalproject\opengl final project2\opengl final project2\opengl_final_project.cpp(1164): warning C4305: '引數': 從 'double' 轉換為 'GLfloat'，是由較大的類型轉換為較小的類型，可能導致資料遺失
d:\files\作業\講義\成圖技術\hw\opengl_finalproject\opengl final project2\opengl final project2\opengl_final_project.cpp(1164): warning C4244: '引數': 將 'double' 轉換為 'GLfloat'，由於類型不同，可能導致資料遺失
d:\files\作業\講義\成圖技術\hw\opengl_finalproject\opengl final project2\opengl final project2\opengl_final_project.cpp(1165): warning C4305: '引數': 從 'double' 轉換為 'GLfloat'，是由較大的類型轉換為較小的類型，可能導致資料遺失
d:\files\作業\講義\成圖技術\hw\opengl_finalproject\opengl final project2\opengl final project2\opengl_final_project.cpp(1166): warning C4305: '引數': 從 'double' 轉換為 'GLfloat'，是由較大的類型轉換為較小的類型，可能導致資料遺失
d:\files\作業\講義\成圖技術\hw\opengl_finalproject\opengl final project2\opengl final project2\opengl_final_project.cpp(1166): warning C4244: '引數': 將 'double' 轉換為 'GLfloat'，由於類型不同，可能導致資料遺失
d:\files\作業\講義\成圖技術\hw\opengl_finalproject\opengl final project2\opengl final project2\opengl_final_project.cpp(1167): warning C4305: '引數': 從 'double' 轉換為 'GLfloat'，是由較大的類型轉換為較小的類型，可能導致資料遺失
d:\files\作業\講義\成圖技術\hw\opengl_finalproject\opengl final project2\opengl final project2\opengl_final_project.cpp(1167): warning C4244: '引數': 將 'double' 轉換為 'GLfloat'，由於類型不同，可能導致資料遺失
d:\files\作業\講義\成圖技術\hw\opengl_finalproject\opengl final project2\opengl final project2\opengl_final_project.cpp(1180): warning C4305: '引數': 從 'double' 轉換為 'GLfloat'，是由較大的類型轉換為較小的類型，可能導致資料遺失
d:\files\作業\講義\成圖技術\hw\opengl_finalproject\opengl final project2\opengl final project2\opengl_final_project.cpp(1181): warning C4305: '引數': 從 'double' 轉換為 'GLfloat'，是由較大的類型轉換為較小的類型，可能導致資料遺失
d:\files\作業\講義\成圖技術\hw\opengl_finalproject\opengl final project2\opengl final project2\opengl_final_project.cpp(1182): warning C4305: '引數': 從 'double' 轉換為 'GLfloat'，是由較大的類型轉換為較小的類型，可能導致資料遺失
d:\files\作業\講義\成圖技術\hw\opengl_finalproject\opengl final project2\opengl final project2\opengl_final_project.cpp(1183): warning C4305: '引數': 從 'double' 轉換為 'GLfloat'，是由較大的類型轉換為較小的類型，可能導致資料遺失
d:\files\作業\講義\成圖技術\hw\opengl_finalproject\opengl final project2\opengl final project2\opengl_final_project.cpp(1186): warning C4305: '引數': 從 'double' 轉換為 'GLfloat'，是由較大的類型轉換為較小的類型，可能導致資料遺失
d:\files\作業\講義\成圖技術\hw\opengl_finalproject\opengl final project2\opengl final project2\opengl_final_project.cpp(1187): warning C4305: '引數': 從 'double' 轉換為 'GLfloat'，是由較大的類型轉換為較小的類型，可能導致資料遺失
d:\files\作業\講義\成圖技術\hw\opengl_finalproject\opengl final project2\opengl final project2\opengl_final_project.cpp(1188): warning C4305: '引數': 從 'double' 轉換為 'GLfloat'，是由較大的類型轉換為較小的類型，可能導致資料遺失
d:\files\作業\講義\成圖技術\hw\opengl_finalproject\opengl final project2\opengl final project2\opengl_final_project.cpp(1189): warning C4305: '引數': 從 'double' 轉換為 'GLfloat'，是由較大的類型轉換為較小的類型，可能導致資料遺失
d:\files\作業\講義\成圖技術\hw\opengl_finalproject\opengl final project2\opengl final project2\opengl_final_project.cpp(1192): warning C4305: '引數': 從 'double' 轉換為 'GLfloat'，是由較大的類型轉換為較小的類型，可能導致資料遺失
d:\files\作業\講義\成圖技術\hw\opengl_finalproject\opengl final project2\opengl final project2\opengl_final_project.cpp(1193): warning C4305: '引數': 從 'double' 轉換為 'GLfloat'，是由較大的類型轉換為較小的類型，可能導致資料遺失
d:\files\作業\講義\成圖技術\hw\opengl_finalproject\opengl final project2\opengl final project2\opengl_final_project.cpp(1194): warning C4305: '引數': 從 'double' 轉換為 'GLfloat'，是由較大的類型轉換為較小的類型，可能導致資料遺失
d:\files\作業\講義\成圖技術\hw\opengl_finalproject\opengl final project2\opengl final project2\opengl_final_project.cpp(1195): warning C4305: '引數': 從 'double' 轉換為 'GLfloat'，是由較大的類型轉換為較小的類型，可能導致資料遺失
d:\files\作業\講義\成圖技術\hw\opengl_finalproject\opengl final project2\opengl final project2\opengl_final_project.cpp(1198): warning C4305: '引數': 從 'double' 轉換為 'GLfloat'，是由較大的類型轉換為較小的類型，可能導致資料遺失
d:\files\作業\講義\成圖技術\hw\opengl_finalproject\opengl final project2\opengl final project2\opengl_final_project.cpp(1199): warning C4305: '引數': 從 'double' 轉換為 'GLfloat'，是由較大的類型轉換為較小的類型，可能導致資料遺失
d:\files\作業\講義\成圖技術\hw\opengl_finalproject\opengl final project2\opengl final project2\opengl_final_project.cpp(1200): warning C4305: '引數': 從 'double' 轉換為 'GLfloat'，是由較大的類型轉換為較小的類型，可能導致資料遺失
d:\files\作業\講義\成圖技術\hw\opengl_finalproject\opengl final project2\opengl final project2\opengl_final_project.cpp(1201): warning C4305: '引數': 從 'double' 轉換為 'GLfloat'，是由較大的類型轉換為較小的類型，可能導致資料遺失
d:\files\作業\講義\成圖技術\hw\opengl_finalproject\opengl final project2\opengl final project2\opengl_final_project.cpp(1204): warning C4305: '引數': 從 'double' 轉換為 'GLfloat'，是由較大的類型轉換為較小的類型，可能導致資料遺失
d:\files\作業\講義\成圖技術\hw\opengl_finalproject\opengl final project2\opengl final project2\opengl_final_project.cpp(1205): warning C4305: '引數': 從 'double' 轉換為 'GLfloat'，是由較大的類型轉換為較小的類型，可能導致資料遺失
d:\files\作業\講義\成圖技術\hw\opengl_finalproject\opengl final project2\opengl final project2\opengl_final_project.cpp(1206): warning C4305: '引數': 從 'double' 轉換為 'GLfloat'，是由較大的類型轉換為較小的類型，可能導致資料遺失
d:\files\作業\講義\成圖技術\hw\opengl_finalproject\opengl final project2\opengl final project2\opengl_final_project.cpp(1207): warning C4305: '引數': 從 'double' 轉換為 'GLfloat'，是由較大的類型轉換為較小的類型，可能導致資料遺失
d:\files\作業\講義\成圖技術\hw\opengl_finalproject\opengl final project2\opengl final project2\opengl_final_project.cpp(1210): warning C4305: '引數': 從 'double' 轉換為 'GLfloat'，是由較大的類型轉換為較小的類型，可能導致資料遺失
d:\files\作業\講義\成圖技術\hw\opengl_finalproject\opengl final project2\opengl final project2\opengl_final_project.cpp(1211): warning C4305: '引數': 從 'double' 轉換為 'GLfloat'，是由較大的類型轉換為較小的類型，可能導致資料遺失
d:\files\作業\講義\成圖技術\hw\opengl_finalproject\opengl final project2\opengl final project2\opengl_final_project.cpp(1212): warning C4305: '引數': 從 'double' 轉換為 'GLfloat'，是由較大的類型轉換為較小的類型，可能導致資料遺失
d:\files\作業\講義\成圖技術\hw\opengl_finalproject\opengl final project2\opengl final project2\opengl_final_project.cpp(1213): warning C4305: '引數': 從 'double' 轉換為 'GLfloat'，是由較大的類型轉換為較小的類型，可能導致資料遺失
d:\files\作業\講義\成圖技術\hw\opengl_finalproject\opengl final project2\opengl final project2\opengl_final_project.cpp(1226): warning C4244: '引數': 將 'double' 轉換為 'GLfloat'，由於類型不同，可能導致資料遺失
d:\files\作業\講義\成圖技術\hw\opengl_finalproject\opengl final project2\opengl final project2\opengl_final_project.cpp(1227): warning C4244: '引數': 將 'double' 轉換為 'GLfloat'，由於類型不同，可能導致資料遺失
d:\files\作業\講義\成圖技術\hw\opengl_finalproject\opengl final project2\opengl final project2\opengl_final_project.cpp(1228): warning C4244: '引數': 將 'double' 轉換為 'GLfloat'，由於類型不同，可能導致資料遺失
d:\files\作業\講義\成圖技術\hw\opengl_finalproject\opengl final project2\opengl final project2\opengl_final_project.cpp(1229): warning C4244: '引數': 將 'double' 轉換為 'GLfloat'，由於類型不同，可能導致資料遺失
d:\files\作業\講義\成圖技術\hw\opengl_finalproject\opengl final project2\opengl final project2\opengl_final_project.cpp(1290): warning C4244: '引數': 將 'double' 轉換為 'GLfloat'，由於類型不同，可能導致資料遺失
d:\files\作業\講義\成圖技術\hw\opengl_finalproject\opengl final project2\opengl final project2\opengl_final_project.cpp(1291): warning C4244: '引數': 將 'double' 轉換為 'GLfloat'，由於類型不同，可能導致資料遺失
d:\files\作業\講義\成圖技術\hw\opengl_finalproject\opengl final project2\opengl final project2\opengl_final_project.cpp(1292): warning C4244: '引數': 將 'double' 轉換為 'GLfloat'，由於類型不同，可能導致資料遺失
d:\files\作業\講義\成圖技術\hw\opengl_finalproject\opengl final project2\opengl final project2\opengl_final_project.cpp(1293): warning C4244: '引數': 將 'double' 轉換為 'GLfloat'，由於類型不同，可能導致資料遺失
d:\files\作業\講義\成圖技術\hw\opengl_finalproject\opengl final project2\opengl final project2\opengl_final_project.cpp(1416): warning C4305: '-=': 從 'double' 轉換為 'GLfloat'，是由較大的類型轉換為較小的類型，可能導致資料遺失
d:\files\作業\講義\成圖技術\hw\opengl_finalproject\opengl final project2\opengl final project2\opengl_final_project.cpp(1420): warning C4305: '-=': 從 'double' 轉換為 'GLfloat'，是由較大的類型轉換為較小的類型，可能導致資料遺失
d:\files\作業\講義\成圖技術\hw\opengl_finalproject\opengl final project2\opengl final project2\opengl_final_project.cpp(1571): warning C4305: '引數': 從 'double' 轉換為 'GLfloat'，是由較大的類型轉換為較小的類型，可能導致資料遺失
d:\files\作業\講義\成圖技術\hw\opengl_finalproject\opengl final project2\opengl final project2\opengl_final_project.cpp(1572): warning C4305: '引數': 從 'double' 轉換為 'GLfloat'，是由較大的類型轉換為較小的類型，可能導致資料遺失
d:\files\作業\講義\成圖技術\hw\opengl_finalproject\opengl final project2\opengl final project2\opengl_final_project.cpp(1573): warning C4305: '引數': 從 'double' 轉換為 'GLfloat'，是由較大的類型轉換為較小的類型，可能導致資料遺失
d:\files\作業\講義\成圖技術\hw\opengl_finalproject\opengl final project2\opengl final project2\opengl_final_project.cpp(1573): warning C4244: '引數': 將 'double' 轉換為 'GLfloat'，由於類型不同，可能導致資料遺失
d:\files\作業\講義\成圖技術\hw\opengl_finalproject\opengl final project2\opengl final project2\opengl_final_project.cpp(1574): warning C4305: '引數': 從 'double' 轉換為 'GLfloat'，是由較大的類型轉換為較小的類型，可能導致資料遺失
d:\files\作業\講義\成圖技術\hw\opengl_finalproject\opengl final project2\opengl final project2\opengl_final_project.cpp(1574): warning C4244: '引數': 將 'double' 轉換為 'GLfloat'，由於類型不同，可能導致資料遺失
d:\files\作業\講義\成圖技術\hw\opengl_finalproject\opengl final project2\opengl final project2\opengl_final_project.cpp(1584): warning C4244: '引數': 將 'double' 轉換為 'GLfloat'，由於類型不同，可能導致資料遺失
d:\files\作業\講義\成圖技術\hw\opengl_finalproject\opengl final project2\opengl final project2\opengl_final_project.cpp(1587): warning C4244: '引數': 將 'double' 轉換為 'GLfloat'，由於類型不同，可能導致資料遺失
d:\files\作業\講義\成圖技術\hw\opengl_finalproject\opengl final project2\opengl final project2\opengl_final_project.cpp(1621): warning C4305: '引數': 從 'double' 轉換為 'GLfloat'，是由較大的類型轉換為較小的類型，可能導致資料遺失
d:\files\作業\講義\成圖技術\hw\opengl_finalproject\opengl final project2\opengl final project2\opengl_final_project.cpp(1622): warning C4305: '引數': 從 'double' 轉換為 'GLfloat'，是由較大的類型轉換為較小的類型，可能導致資料遺失
d:\files\作業\講義\成圖技術\hw\opengl_finalproject\opengl final project2\opengl final project2\opengl_final_project.cpp(1623): warning C4305: '引數': 從 'double' 轉換為 'GLfloat'，是由較大的類型轉換為較小的類型，可能導致資料遺失
d:\files\作業\講義\成圖技術\hw\opengl_finalproject\opengl final project2\opengl final project2\opengl_final_project.cpp(1624): warning C4305: '引數': 從 'double' 轉換為 'GLfloat'，是由較大的類型轉換為較小的類型，可能導致資料遺失
d:\files\作業\講義\成圖技術\hw\opengl_finalproject\opengl final project2\opengl final project2\opengl_final_project.cpp(1680): warning C4305: '引數': 從 'double' 轉換為 'GLfloat'，是由較大的類型轉換為較小的類型，可能導致資料遺失
d:\files\作業\講義\成圖技術\hw\opengl_finalproject\opengl final project2\opengl final project2\opengl_final_project.cpp(1681): warning C4305: '引數': 從 'double' 轉換為 'GLfloat'，是由較大的類型轉換為較小的類型，可能導致資料遺失
d:\files\作業\講義\成圖技術\hw\opengl_finalproject\opengl final project2\opengl final project2\opengl_final_project.cpp(1682): warning C4305: '引數': 從 'double' 轉換為 'GLfloat'，是由較大的類型轉換為較小的類型，可能導致資料遺失
d:\files\作業\講義\成圖技術\hw\opengl_finalproject\opengl final project2\opengl final project2\opengl_final_project.cpp(1683): warning C4305: '引數': 從 'double' 轉換為 'GLfloat'，是由較大的類型轉換為較小的類型，可能導致資料遺失
d:\files\作業\講義\成圖技術\hw\opengl_finalproject\opengl final project2\opengl final project2\opengl_final_project.cpp(1724): warning C4305: '引數': 從 'double' 轉換為 'GLfloat'，是由較大的類型轉換為較小的類型，可能導致資料遺失
d:\files\作業\講義\成圖技術\hw\opengl_finalproject\opengl final project2\opengl final project2\opengl_final_project.cpp(1725): warning C4305: '引數': 從 'double' 轉換為 'GLfloat'，是由較大的類型轉換為較小的類型，可能導致資料遺失
d:\files\作業\講義\成圖技術\hw\opengl_finalproject\opengl final project2\opengl final project2\opengl_final_project.cpp(1726): warning C4305: '引數': 從 'double' 轉換為 'GLfloat'，是由較大的類型轉換為較小的類型，可能導致資料遺失
d:\files\作業\講義\成圖技術\hw\opengl_finalproject\opengl final project2\opengl final project2\opengl_final_project.cpp(1727): warning C4305: '引數': 從 'double' 轉換為 'GLfloat'，是由較大的類型轉換為較小的類型，可能導致資料遺失
d:\files\作業\講義\成圖技術\hw\opengl_finalproject\opengl final project2\opengl final project2\opengl_final_project.cpp(1750): warning C4838: 從 'double' 到 'GLfloat' 的轉換必須是縮小轉換
d:\files\作業\講義\成圖技術\hw\opengl_finalproject\opengl final project2\opengl final project2\opengl_final_project.cpp(1750): warning C4244: '正在初始化': 將 'double' 轉換為 'GLfloat'，由於類型不同，可能導致資料遺失
d:\files\作業\講義\成圖技術\hw\opengl_finalproject\opengl final project2\opengl final project2\opengl_final_project.cpp(1774): warning C4244: '引數': 將 'double' 轉換為 'GLfloat'，由於類型不同，可能導致資料遺失
d:\files\作業\講義\成圖技術\hw\opengl_finalproject\opengl final project2\opengl final project2\opengl_final_project.cpp(1775): warning C4244: '引數': 將 'double' 轉換為 'GLfloat'，由於類型不同，可能導致資料遺失
d:\files\作業\講義\成圖技術\hw\opengl_finalproject\opengl final project2\opengl final project2\opengl_final_project.cpp(1776): warning C4244: '引數': 將 'double' 轉換為 'GLfloat'，由於類型不同，可能導致資料遺失
d:\files\作業\講義\成圖技術\hw\opengl_finalproject\opengl final project2\opengl final project2\opengl_final_project.cpp(1777): warning C4244: '引數': 將 'double' 轉換為 'GLfloat'，由於類型不同，可能導致資料遺失
d:\files\作業\講義\成圖技術\hw\opengl_finalproject\opengl final project2\opengl final project2\opengl_final_project.cpp(1797): warning C4305: '引數': 從 'double' 轉換為 'GLfloat'，是由較大的類型轉換為較小的類型，可能導致資料遺失
d:\files\作業\講義\成圖技術\hw\opengl_finalproject\opengl final project2\opengl final project2\opengl_final_project.cpp(1834): warning C4305: '引數': 從 'double' 轉換為 'GLfloat'，是由較大的類型轉換為較小的類型，可能導致資料遺失
d:\files\作業\講義\成圖技術\hw\opengl_finalproject\opengl final project2\opengl final project2\opengl_final_project.cpp(1835): warning C4305: '引數': 從 'double' 轉換為 'GLfloat'，是由較大的類型轉換為較小的類型，可能導致資料遺失
d:\files\作業\講義\成圖技術\hw\opengl_finalproject\opengl final project2\opengl final project2\opengl_final_project.cpp(1836): warning C4305: '引數': 從 'double' 轉換為 'GLfloat'，是由較大的類型轉換為較小的類型，可能導致資料遺失
d:\files\作業\講義\成圖技術\hw\opengl_finalproject\opengl final project2\opengl final project2\opengl_final_project.cpp(1837): warning C4305: '引數': 從 'double' 轉換為 'GLfloat'，是由較大的類型轉換為較小的類型，可能導致資料遺失
d:\files\作業\講義\成圖技術\hw\opengl_finalproject\opengl final project2\opengl final project2\opengl_final_project.cpp(1938): warning C4244: '=': 將 'double' 轉換為 'GLfloat'，由於類型不同，可能導致資料遺失
d:\files\作業\講義\成圖技術\hw\opengl_finalproject\opengl final project2\opengl final project2\opengl_final_project.cpp(1947): warning C4305: '+=': 從 'double' 轉換為 'GLfloat'，是由較大的類型轉換為較小的類型，可能導致資料遺失
d:\files\作業\講義\成圖技術\hw\opengl_finalproject\opengl final project2\opengl final project2\opengl_final_project.cpp(1970): warning C4838: 從 'double' 到 'GLfloat' 的轉換必須是縮小轉換
d:\files\作業\講義\成圖技術\hw\opengl_finalproject\opengl final project2\opengl final project2\opengl_final_project.cpp(1970): warning C4305: '正在初始化': 從 'double' 轉換為 'GLfloat'，是由較大的類型轉換為較小的類型，可能導致資料遺失
d:\files\作業\講義\成圖技術\hw\opengl_finalproject\opengl final project2\opengl final project2\opengl_final_project.cpp(2012): warning C4244: '=': 將 'double' 轉換為 'float'，由於類型不同，可能導致資料遺失
d:\files\作業\講義\成圖技術\hw\opengl_finalproject\opengl final project2\opengl final project2\opengl_final_project.cpp(2014): warning C4305: '+=': 從 'double' 轉換為 'float'，是由較大的類型轉換為較小的類型，可能導致資料遺失
d:\files\作業\講義\成圖技術\hw\opengl_finalproject\opengl final project2\opengl final project2\opengl_final_project.cpp(2016): warning C4305: '-=': 從 'double' 轉換為 'float'，是由較大的類型轉換為較小的類型，可能導致資料遺失
d:\files\作業\講義\成圖技術\hw\opengl_finalproject\opengl final project2\opengl final project2\opengl_final_project.cpp(2035): warning C4305: '-=': 從 'double' 轉換為 'float'，是由較大的類型轉換為較小的類型，可能導致資料遺失
d:\files\作業\講義\成圖技術\hw\opengl_finalproject\opengl final project2\opengl final project2\opengl_final_project.cpp(2050): warning C4305: '+=': 從 'double' 轉換為 'GLfloat'，是由較大的類型轉換為較小的類型，可能導致資料遺失
d:\files\作業\講義\成圖技術\hw\opengl_finalproject\opengl final project2\opengl final project2\opengl_final_project.cpp(2056): warning C4244: '+=': 將 'double' 轉換為 'GLfloat'，由於類型不同，可能導致資料遺失
d:\files\作業\講義\成圖技術\hw\opengl_finalproject\opengl final project2\opengl final project2\opengl_final_project.cpp(2068): warning C4305: '+=': 從 'double' 轉換為 'GLfloat'，是由較大的類型轉換為較小的類型，可能導致資料遺失
d:\files\作業\講義\成圖技術\hw\opengl_finalproject\opengl final project2\opengl final project2\opengl_final_project.cpp(2126): warning C4305: '+=': 從 'double' 轉換為 'float'，是由較大的類型轉換為較小的類型，可能導致資料遺失
d:\files\作業\講義\成圖技術\hw\opengl_finalproject\opengl final project2\opengl final project2\opengl_final_project.cpp(2127): warning C4305: '-=': 從 'double' 轉換為 'float'，是由較大的類型轉換為較小的類型，可能導致資料遺失
d:\files\作業\講義\成圖技術\hw\opengl_finalproject\opengl final project2\opengl final project2\opengl_final_project.cpp(2154): warning C4244: '+=': 將 'double' 轉換為 'float'，由於類型不同，可能導致資料遺失
d:\files\作業\講義\成圖技術\hw\opengl_finalproject\opengl final project2\opengl final project2\opengl_final_project.cpp(2175): warning C4244: '-=': 將 'double' 轉換為 'float'，由於類型不同，可能導致資料遺失
d:\files\作業\講義\成圖技術\hw\opengl_finalproject\opengl final project2\opengl final project2\opengl_final_project.cpp(2231): warning C4244: '=': 將 'double' 轉換為 'float'，由於類型不同，可能導致資料遺失
  OpenGL Final project2.vcxproj -> D:\files\作業\講義\成圖技術\hW\opengl_finalproject\OpenGL Final project2\Debug\OpenGL Final project2.exe
  OpenGL Final project2.vcxproj -> D:\files\作業\講義\成圖技術\hW\opengl_finalproject\OpenGL Final project2\Debug\OpenGL Final project2.pdb (Partial PDB)
